<?xml version="1.0" encoding="UTF-8"?>
<!-- Generated by org.testng.reporters.JUnitReportReporter -->
<testsuite hostname="LTIN511660" failures="0" tests="6" name="testCases.TestCase_001_TimeSheetValidation" time="340.367" errors="0" timestamp="2024-04-02T14:39:34 IST" skipped="0">
  <testcase classname="testCases.TestCase_001_TimeSheetValidation" name="userVerification" time="56.797"/>
  <testcase classname="testCases.TestCase_001_TimeSheetValidation" name="userVerification" time="56.074"/>
  <testcase classname="testCases.TestCase_001_TimeSheetValidation" name="oneCognizantFunctions" time="16.445"/>
  <testcase classname="testCases.TestCase_001_TimeSheetValidation" name="oneCognizantFunctions" time="15.081"/>
  <testcase classname="testCases.TestCase_001_TimeSheetValidation" name="timeSheetNavigation" time="98.181"/>
  <testcase classname="testCases.TestCase_001_TimeSheetValidation" name="timeSheetNavigation" time="97.789"/>
</testsuite> <!-- testCases.TestCase_001_TimeSheetValidation -->
